[2026-06-23 14:21:27] [INFO] Iniciando desativacao de seguranca...
[2026-06-23 14:21:27] [INFO] Modo WhatIf: False
[2026-06-23 14:21:27] [INFO] Exportando estado atual das configuracoes para: E:\manut\Configurations\lowestSecurity\core\..\security-state-backup_20260623_142127.json
[2026-06-23 14:21:28] [OK] Backup do estado salvo com sucesso
[2026-06-23 14:21:28] [INFO] === Tamper Protection (Protecao contra Violacoes) ===
[2026-06-23 14:21:28] [OK] Registro direto: TamperProtection = 0
[2026-06-23 14:21:28] [OK] GPO: TamperProtection = 0
[2026-06-23 14:21:30] [WARN] Tamper Protection esta ATIVADA.
[2026-06-23 14:21:30] [WARN] Tamper Protection resistiu a desativacao por registro. Tentando via WMI/CIM...
[2026-06-23 14:21:30] [WARN] Falha CIM Tamper Protection: Par滵etro inv嫮ido "TamperProtection"
[2026-06-23 14:21:31] [WARN] Tamper Protection esta ATIVADA.
[2026-06-23 14:21:31] [WARN] Tamper Protection ainda ativa. Sera aplicada via GPO para efetivar apos reinicio.
[2026-06-23 14:21:31] [WARN] Alternativa manual: Windows Security > Virus & threat protection > Manage settings > Tamper Protection > Off
[2026-06-23 14:21:31] [INFO] === Microsoft Defender Antivirus ===
[2026-06-23 14:21:31] [OK] Desativado: Protecao em tempo real
[2026-06-23 14:21:31] [OK] Desativado: Monitoramento de comportamento
[2026-06-23 14:21:31] [OK] Desativado: Block at First Seen
[2026-06-23 14:21:31] [OK] Desativado: Verificacao de downloads (IOAV)
[2026-06-23 14:21:31] [OK] Desativado: Script Scanning
[2026-06-23 14:21:31] [OK] Desativado: Protecao fornecida na nuvem (MAPS)
[2026-06-23 14:21:31] [OK] Desativado: Envio automatico de amostra
[2026-06-23 14:21:31] [OK] Desativado: Bloqueio de app potencialmente indesejado (PUA)
[2026-06-23 14:21:31] [OK] Desativado: Acesso a pastas controladas (Ransomware)
[2026-06-23 14:21:31] [OK] Desativado: Defender AntiSpyware via GPO
[2026-06-23 14:21:31] [INFO] Aplicando fallbacks via GPO (registro) para protecao em tempo real...
[2026-06-23 14:21:31] [OK] Desativado: Protecao em tempo real (GPO)
[2026-06-23 14:21:31] [OK] Desativado: Monitoramento de comportamento (GPO)
[2026-06-23 14:21:31] [OK] Desativado: Protecao de acesso (GPO)
[2026-06-23 14:21:31] [OK] Desativado: Scan em tempo real (GPO)
[2026-06-23 14:21:31] [OK] Desativado: Verificacao IOAV (GPO)
[2026-06-23 14:21:31] [OK] Desativado: Cloud Protection e envio de amostras (GPO)
[2026-06-23 14:21:31] [OK] Desativado: Defender AntiVirus/Actions/KeepAlive (GPO)
[2026-06-23 14:21:32] [OK] Desativado: Servico WinDefend (startup disabled)
[2026-06-23 14:21:32] [INFO] === SmartScreen e Protecao de Reputacao ===
[2026-06-23 14:21:32] [OK] Desativado: SmartScreen - Verificar aplicativos e arquivos
[2026-06-23 14:21:32] [OK] Desativado: SmartScreen para Microsoft Edge
[2026-06-23 14:21:32] [OK] Desativado: SmartScreen para Microsoft Edge (GPO)
[2026-06-23 14:21:32] [OK] Desativado: SmartScreen para apps da Microsoft Store
[2026-06-23 14:21:32] [OK] Desativado: SmartScreen via Group Policy
[2026-06-23 14:21:32] [INFO] === Protecao contra Phishing ===
[2026-06-23 14:21:32] [OK] Desativado: Protecao contra phishing (servico)
[2026-06-23 14:21:32] [OK] Desativado: Aviso sobre sites/apps mal-intencionados
[2026-06-23 14:21:32] [OK] Desativado: Aviso sobre reutilizacao de senha
[2026-06-23 14:21:32] [OK] Desativado: Aviso sobre armazenamento inseguro de senha
[2026-06-23 14:21:32] [OK] Desativado: Coleta automatica de conteudo para analise
[2026-06-23 14:21:32] [INFO] === Exploit Protection ===
[2026-06-23 14:21:32] [OK] Desativado: System Mitigation - DEP
[2026-06-23 14:21:32] [OK] Desativado: System Mitigation - SEHOP
[2026-06-23 14:21:32] [OK] Desativado: System Mitigation - CFG
[2026-06-23 14:21:32] [OK] Desativado: System Mitigation - ForceRelocateImages
[2026-06-23 14:21:32] [OK] Desativado: System Mitigation - TerminateOnError
[2026-06-23 14:21:32] [OK] Desativado: System Mitigation - BottomUp
[2026-06-23 14:21:32] [OK] Desativado: System Mitigation - HighEntropy
[2026-06-23 14:21:32] [INFO] === Windows Firewall ===
[2026-06-23 14:21:32] [OK] Desativado: Firewall perfil Domain
[2026-06-23 14:21:32] [OK] Desativado: Firewall perfil Private
[2026-06-23 14:21:32] [OK] Desativado: Firewall perfil Public
[2026-06-23 14:21:32] [INFO] === User Account Control (UAC) ===
[2026-06-23 14:21:32] [OK] Desativado: UAC (EnableLUA)
[2026-06-23 14:21:32] [OK] Desativado: UAC Consent Prompt (Admin)
[2026-06-23 14:21:32] [OK] Desativado: UAC Secure Desktop
[2026-06-23 14:21:32] [OK] Desativado: UAC Installer Detection
[2026-06-23 14:21:32] [OK] Desativado: UAC Virtualization
[2026-06-23 14:21:32] [INFO] === Windows Update - Atrasar atualizacoes de seguranca ===
[2026-06-23 14:21:32] [OK] Configurado: Desativar atualizacoes automaticas
[2026-06-23 14:21:32] [OK] Configurado: Adiar atualizacoes de qualidade
[2026-06-23 14:21:32] [OK] Configurado: Atraso de atualizacoes de qualidade (30 dias)
[2026-06-23 14:21:32] [INFO] === Dev Drive Protection ===
[2026-06-23 14:21:32] [OK] Desativado: Dev Drive Protection (async scan)
[2026-06-23 14:21:32] [INFO] === Servicos de seguranca ===
[2026-06-23 14:21:32] [OK] Desativado: Windows Defender Network Inspection Service
[2026-06-23 14:21:32] [OK] Desativado: Windows Security Health Service
[2026-06-23 14:21:32] [OK] Desativado: Security Center Service
[2026-06-23 14:21:32] [OK] Desativado: Windows Defender Mini-Filter Driver
[2026-06-23 14:21:32] [INFO] Total: 52 | Desativados: 51 | Falhas: 0 | WhatIf: 0
[2026-06-23 14:21:32] [INFO] Log salvo em: E:\manut\Configurations\lowestSecurity\core\..\disable-security_20260623_142127.log
[2026-06-23 14:21:32] [WARN] IMPORTANTE: Algumas alteracoes requerem reinicializacao (UAC, servicos).
[2026-06-23 14:21:32] [WARN] Execute 'shutdown /r /t 60 /c Security Test Reboot' para reiniciar em 60 segundos.
